15:23:26.211 INFO    thonny: Thonny version: 4.0.1
15:23:26.212 INFO    thonny: cwd: /usr/lib/python3/dist-packages
15:23:26.224 INFO    thonny: original argv: ['/usr/bin/python3', '-u', '-B', '-m', 'thonny.plugins.cpython_backend.cp_launcher', '/home/pi']
15:23:26.225 INFO    thonny: sys.executable: /usr/bin/python3
15:23:26.225 INFO    thonny: sys.argv: ['/usr/lib/python3/dist-packages/thonny/plugins/cpython_backend/cp_launcher.py', '/home/pi']
15:23:26.225 INFO    thonny: sys.path: ['/usr/lib/python3/dist-packages', '/usr/lib/python39.zip', '/usr/lib/python3.9', '/usr/lib/python3.9/lib-dynload', '/home/pi/.local/lib/python3.9/site-packages', '/usr/local/lib/python3.9/dist-packages', '/usr/lib/python3/dist-packages', '/usr/lib/python3.9/dist-packages']
15:23:26.225 INFO    thonny: sys.flags: sys.flags(debug=0, inspect=0, interactive=0, optimize=0, dont_write_bytecode=1, no_user_site=0, no_site=0, ignore_environment=0, verbose=0, bytes_warning=0, quiet=0, hash_randomization=1, isolated=0, dev_mode=False, utf8_mode=0)
15:23:26.226 INFO    thonny: TIME/MODS 0.019 Before constructing backend (+7 modules)
15:23:26.227 INFO    thonny: NEW MODS ['_ctypes', '_struct', 'ctypes', 'ctypes._endian', 'encodings.ascii', 'faulthandler', 'struct']
15:23:26.227 INFO    thonny: TIME/MODS 0.001 Before MainBackend 
15:23:26.228 INFO    thonny: TIME/MODS 0.000 After MainBackend 
15:23:26.260 INFO    thonny.backend: Loading plugins
15:23:26.260 INFO    thonny: TIME/MODS 0.033 Before loading plugins (+4 modules)
15:23:26.260 INFO    thonny: NEW MODS ['_sysconfigdata__arm-linux-gnueabihf', 'platform', 'pydoc', 'sysconfig']
15:23:26.261 INFO    thonny.common: Using THONNY_FRONTEND_SYS_PATH ['/usr/bin', '/usr/lib/python39.zip', '/usr/lib/python3.9', '/usr/lib/python3.9/lib-dynload', '/home/pi/.local/lib/python3.9/site-packages', '/usr/local/lib/python3.9/dist-packages', '/usr/lib/python3/dist-packages', '/usr/lib/python3.9/dist-packages', '/home/pi/.config/Thonny/plugins/lib/python3.9/site-packages']
15:23:26.265 INFO    thonny.backend: Loading plugin 'thonny.plugins.backend.birdseye_backend'
15:23:26.266 INFO    thonny.backend: Loading plugin 'thonny.plugins.backend.dock_user_windows_backend'
15:23:26.268 INFO    thonny.backend: Loading plugin 'thonny.plugins.backend.flask_backend'
15:23:26.270 INFO    thonny.backend: Loading plugin 'thonny.plugins.backend.matplotlib_backend'
15:23:26.271 INFO    thonny.backend: Loading plugin 'thonny.plugins.backend.pgzero_backend'
15:23:26.278 INFO    thonny: TIME/MODS 0.018 After loading plugins (+6 modules)
15:23:26.278 INFO    thonny: NEW MODS ['thonny.plugins.backend', 'thonny.plugins.backend.birdseye_backend', 'thonny.plugins.backend.dock_user_windows_backend', 'thonny.plugins.backend.flask_backend', 'thonny.plugins.backend.matplotlib_backend', 'thonny.plugins.backend.pgzero_backend']
15:23:26.279 INFO    thonny: TIME/MODS 0.001 Beginning of mainloop 
15:23:26.280 INFO    thonny: TIME/MODS 0.001 Before Run 
15:23:26.281 INFO    thonny: TIME/MODS 0.000 Starting _execute_file 
15:23:26.281 INFO    thonny: TIME/MODS 0.000 Done preprocessing 
15:23:26.281 INFO    thonny: TIME/MODS 0.000 Done creating executor 
15:23:26.281 INFO    thonny: TIME/MODS 0.000 Before preparing ast in executor 
15:23:26.293 INFO    thonny: TIME/MODS 0.011 After compiling ast in executor (+1 modules)
15:23:26.293 INFO    thonny: NEW MODS ['pgzero']
15:23:29.842 INFO    thonny: TIME/MODS 3.549 Sending message ProgramOutput (+6 modules)
15:23:29.843 INFO    thonny: NEW MODS ['RPi', 'RPi.GPIO', 'RPi._GPIO', '_tkinter', 'tkinter', 'tkinter.constants']
15:23:29.845 INFO    thonny: TIME/MODS 0.003 Sending message ProgramOutput 
15:23:29.855 INFO    thonny: TIME/MODS 0.011 Sending message ProgramOutput 
15:23:29.857 INFO    thonny: TIME/MODS 0.002 Sending message ProgramOutput 
15:23:29.859 INFO    thonny: TIME/MODS 0.001 Sending message ProgramOutput 
15:23:29.860 INFO    thonny: TIME/MODS 0.001 Sending message ProgramOutput 
15:23:29.868 INFO    thonny: TIME/MODS 0.008 Sending message ProgramOutput 
15:23:29.869 INFO    thonny: TIME/MODS 0.001 Sending message ProgramOutput 
15:23:29.871 INFO    thonny: TIME/MODS 0.002 Sending message ProgramOutput 
15:23:29.874 INFO    thonny: TIME/MODS 0.003 Sending message ProgramOutput 
15:23:29.876 INFO    thonny: TIME/MODS 0.002 Sending message ProgramOutput 
15:23:29.877 INFO    thonny: TIME/MODS 0.002 Sending message ProgramOutput 
15:23:29.882 INFO    thonny: TIME/MODS 0.005 Sending message ProgramOutput 
15:23:29.884 INFO    thonny: TIME/MODS 0.002 Sending message ProgramOutput 
15:23:29.886 INFO    thonny: TIME/MODS 0.003 Sending message ProgramOutput 
15:23:29.888 INFO    thonny: TIME/MODS 0.001 Sending message ProgramOutput 
15:23:29.889 INFO    thonny: TIME/MODS 0.001 Sending message ProgramOutput 
15:23:29.891 INFO    thonny: TIME/MODS 0.002 Sending message ProgramOutput 
15:23:29.894 INFO    thonny: TIME/MODS 0.003 Sending message ProgramOutput 
15:23:29.896 INFO    thonny: TIME/MODS 0.002 Sending message ProgramOutput 
15:23:29.898 INFO    thonny: TIME/MODS 0.003 Sending message ProgramOutput 
15:23:29.900 INFO    thonny: TIME/MODS 0.001 Sending message ProgramOutput 
15:23:29.901 INFO    thonny: TIME/MODS 0.001 Sending message ProgramOutput 
15:23:29.902 INFO    thonny: TIME/MODS 0.001 Sending message ProgramOutput 
15:23:29.905 INFO    thonny: TIME/MODS 0.003 Sending message ProgramOutput 
15:23:29.906 INFO    thonny: TIME/MODS 0.001 Sending message ProgramOutput 
15:23:29.908 INFO    thonny: TIME/MODS 0.002 Sending message ProgramOutput 
15:23:29.909 INFO    thonny: TIME/MODS 0.001 Sending message ProgramOutput 
15:23:29.910 INFO    thonny: TIME/MODS 0.001 Sending message ProgramOutput 
15:23:29.913 INFO    thonny: TIME/MODS 0.002 Sending message ProgramOutput 
15:23:29.922 INFO    thonny: TIME/MODS 0.009 Sending message ProgramOutput 
15:23:29.923 INFO    thonny: TIME/MODS 0.001 Sending message ProgramOutput 
15:23:29.926 INFO    thonny: TIME/MODS 0.003 Sending message ProgramOutput 
15:23:29.927 INFO    thonny: TIME/MODS 0.001 Sending message ProgramOutput 
15:23:29.929 INFO    thonny: TIME/MODS 0.002 Sending message ProgramOutput 
15:23:29.931 INFO    thonny: TIME/MODS 0.002 Sending message ProgramOutput 
15:23:29.933 INFO    thonny: TIME/MODS 0.002 Sending message ProgramOutput 
15:23:29.935 INFO    thonny: TIME/MODS 0.001 Sending message ProgramOutput 
15:23:29.936 INFO    thonny: TIME/MODS 0.001 Sending message ProgramOutput 
15:23:29.937 INFO    thonny: TIME/MODS 0.001 Sending message ProgramOutput 
15:23:29.937 INFO    thonny: TIME/MODS 0.001 Sending message ProgramOutput 
15:23:29.938 INFO    thonny: TIME/MODS 0.001 Sending message ProgramOutput 
15:23:29.943 INFO    thonny: TIME/MODS 0.005 Sending message ProgramOutput 
15:23:29.943 INFO    thonny: TIME/MODS 0.001 Sending message ProgramOutput 
15:23:29.945 INFO    thonny: TIME/MODS 0.002 Sending message ProgramOutput 
15:23:29.946 INFO    thonny: TIME/MODS 0.001 Sending message ProgramOutput 
15:23:29.946 INFO    thonny: TIME/MODS 0.001 Sending message ProgramOutput 
15:23:29.947 INFO    thonny: TIME/MODS 0.001 Sending message ProgramOutput 
15:23:29.949 INFO    thonny: TIME/MODS 0.002 Sending message ProgramOutput 
15:23:29.950 INFO    thonny: TIME/MODS 0.001 Sending message ProgramOutput 
15:23:29.952 INFO    thonny: TIME/MODS 0.002 Sending message ProgramOutput 
15:23:29.954 INFO    thonny: TIME/MODS 0.002 Sending message ProgramOutput 
15:23:29.955 INFO    thonny: TIME/MODS 0.001 Sending message ProgramOutput 
15:23:29.957 INFO    thonny: TIME/MODS 0.002 Sending message ProgramOutput 
15:23:29.959 INFO    thonny: TIME/MODS 0.002 Sending message ProgramOutput 
15:23:29.960 INFO    thonny: TIME/MODS 0.001 Sending message ProgramOutput 
15:23:29.961 INFO    thonny: TIME/MODS 0.001 Sending message ProgramOutput 
15:23:29.962 INFO    thonny: TIME/MODS 0.001 Sending message ProgramOutput 
15:23:29.963 INFO    thonny: TIME/MODS 0.001 Sending message ProgramOutput 
15:23:29.964 INFO    thonny: TIME/MODS 0.001 Sending message ProgramOutput 
15:23:29.966 INFO    thonny: TIME/MODS 0.002 Sending message ProgramOutput 
15:23:29.967 INFO    thonny: TIME/MODS 0.001 Sending message ProgramOutput 
15:23:29.968 INFO    thonny: TIME/MODS 0.002 Sending message ProgramOutput 
15:23:29.969 INFO    thonny: TIME/MODS 0.001 Sending message ProgramOutput 
15:23:29.970 INFO    thonny: TIME/MODS 0.001 Sending message ProgramOutput 
15:23:29.970 INFO    thonny: TIME/MODS 0.001 Sending message ProgramOutput 
15:23:29.978 INFO    thonny: TIME/MODS 0.008 Sending message ProgramOutput 
15:23:29.979 INFO    thonny: TIME/MODS 0.001 Sending message ProgramOutput 
15:23:29.980 INFO    thonny: TIME/MODS 0.001 Sending message ProgramOutput 
15:23:29.981 INFO    thonny: TIME/MODS 0.001 Sending message ProgramOutput 
15:23:29.982 INFO    thonny: TIME/MODS 0.001 Sending message ProgramOutput 
15:23:29.983 INFO    thonny: TIME/MODS 0.001 Sending message ProgramOutput 
15:23:29.985 INFO    thonny: TIME/MODS 0.003 Sending message ProgramOutput 
15:23:29.987 INFO    thonny: TIME/MODS 0.001 Sending message ProgramOutput 
15:23:29.988 INFO    thonny: TIME/MODS 0.001 Sending message ProgramOutput 
15:23:29.989 INFO    thonny: TIME/MODS 0.001 Sending message ProgramOutput 
15:23:29.990 INFO    thonny: TIME/MODS 0.001 Sending message ProgramOutput 
15:23:29.990 INFO    thonny: TIME/MODS 0.001 Sending message ProgramOutput 
15:23:29.993 INFO    thonny: TIME/MODS 0.002 Sending message ProgramOutput 
15:23:29.995 INFO    thonny: TIME/MODS 0.002 Sending message ProgramOutput 
15:23:29.997 INFO    thonny: TIME/MODS 0.002 Sending message ProgramOutput 
15:23:29.999 INFO    thonny: TIME/MODS 0.002 Sending message ProgramOutput 
15:23:30.000 INFO    thonny: TIME/MODS 0.001 Sending message ProgramOutput 
15:23:30.001 INFO    thonny: TIME/MODS 0.001 Sending message ProgramOutput 
15:23:30.003 INFO    thonny: TIME/MODS 0.002 Sending message ProgramOutput 
15:23:30.004 INFO    thonny: TIME/MODS 0.001 Sending message ProgramOutput 
15:23:30.006 INFO    thonny: TIME/MODS 0.002 Sending message ProgramOutput 
15:23:30.007 INFO    thonny: TIME/MODS 0.001 Sending message ProgramOutput 
15:23:30.007 INFO    thonny: TIME/MODS 0.001 Sending message ProgramOutput 
15:23:30.008 INFO    thonny: TIME/MODS 0.001 Sending message ProgramOutput 
15:23:30.012 INFO    thonny: TIME/MODS 0.004 Sending message ProgramOutput 
15:23:30.013 INFO    thonny: TIME/MODS 0.001 Sending message ProgramOutput 
15:23:30.013 INFO    thonny: TIME/MODS 0.001 Sending message ProgramOutput 
15:23:30.014 INFO    thonny: TIME/MODS 0.001 Sending message ProgramOutput 
15:23:30.015 INFO    thonny: TIME/MODS 0.001 Sending message ProgramOutput 
15:23:30.015 INFO    thonny: TIME/MODS 0.001 Sending message ProgramOutput 
15:23:30.018 INFO    thonny: TIME/MODS 0.002 Sending message ProgramOutput 
15:23:30.019 INFO    thonny: TIME/MODS 0.001 Sending message ProgramOutput 
15:23:30.020 INFO    thonny: TIME/MODS 0.001 Sending message ProgramOutput 
15:23:30.021 INFO    thonny: TIME/MODS 0.001 Sending message ProgramOutput 
15:23:30.022 INFO    thonny: TIME/MODS 0.001 Sending message ProgramOutput 
15:23:30.023 INFO    thonny: TIME/MODS 0.001 Sending message ProgramOutput 
15:23:30.025 INFO    thonny: TIME/MODS 0.002 Sending message ProgramOutput 
15:23:30.027 INFO    thonny: TIME/MODS 0.001 Sending message ProgramOutput 
15:23:30.028 INFO    thonny: TIME/MODS 0.002 Sending message ProgramOutput 
15:23:30.029 INFO    thonny: TIME/MODS 0.001 Sending message ProgramOutput 
15:23:30.029 INFO    thonny: TIME/MODS 0.001 Sending message ProgramOutput 
15:23:30.030 INFO    thonny: TIME/MODS 0.001 Sending message ProgramOutput 
15:23:30.032 INFO    thonny: TIME/MODS 0.002 Sending message ProgramOutput 
15:23:30.034 INFO    thonny: TIME/MODS 0.001 Sending message ProgramOutput 
15:23:30.035 INFO    thonny: TIME/MODS 0.002 Sending message ProgramOutput 
15:23:30.037 INFO    thonny: TIME/MODS 0.001 Sending message ProgramOutput 
15:23:30.038 INFO    thonny: TIME/MODS 0.001 Sending message ProgramOutput 
15:23:30.039 INFO    thonny: TIME/MODS 0.001 Sending message ProgramOutput 
15:23:30.047 INFO    thonny: TIME/MODS 0.008 Sending message ProgramOutput 
15:23:30.048 INFO    thonny: TIME/MODS 0.001 Sending message ProgramOutput 
15:23:30.049 INFO    thonny: TIME/MODS 0.001 Sending message ProgramOutput 
15:23:30.050 INFO    thonny: TIME/MODS 0.001 Sending message ProgramOutput 
15:23:30.050 INFO    thonny: TIME/MODS 0.001 Sending message ProgramOutput 
15:23:30.051 INFO    thonny: TIME/MODS 0.001 Sending message ProgramOutput 
15:23:30.053 INFO    thonny: TIME/MODS 0.003 Sending message ProgramOutput 
15:23:30.055 INFO    thonny: TIME/MODS 0.001 Sending message ProgramOutput 
15:23:30.056 INFO    thonny: TIME/MODS 0.001 Sending message ProgramOutput 
15:23:30.057 INFO    thonny: TIME/MODS 0.001 Sending message ProgramOutput 
15:23:30.058 INFO    thonny: TIME/MODS 0.001 Sending message ProgramOutput 
15:23:30.058 INFO    thonny: TIME/MODS 0.001 Sending message ProgramOutput 
15:23:30.060 INFO    thonny: TIME/MODS 0.002 Sending message ProgramOutput 
15:23:30.061 INFO    thonny: TIME/MODS 0.001 Sending message ProgramOutput 
15:23:30.063 INFO    thonny: TIME/MODS 0.001 Sending message ProgramOutput 
15:23:30.063 INFO    thonny: TIME/MODS 0.001 Sending message ProgramOutput 
15:23:30.064 INFO    thonny: TIME/MODS 0.001 Sending message ProgramOutput 
15:23:30.065 INFO    thonny: TIME/MODS 0.001 Sending message ProgramOutput 
15:23:30.068 INFO    thonny: TIME/MODS 0.002 Sending message ProgramOutput 
15:23:30.069 INFO    thonny: TIME/MODS 0.002 Sending message ProgramOutput 
15:23:30.070 INFO    thonny: TIME/MODS 0.001 Sending message ProgramOutput 
15:23:30.071 INFO    thonny: TIME/MODS 0.001 Sending message ProgramOutput 
15:23:30.072 INFO    thonny: TIME/MODS 0.001 Sending message ProgramOutput 
15:23:30.074 INFO    thonny: TIME/MODS 0.002 Sending message ProgramOutput 
15:23:30.081 INFO    thonny: TIME/MODS 0.008 Sending message ProgramOutput 
15:23:30.083 INFO    thonny: TIME/MODS 0.001 Sending message ProgramOutput 
15:23:30.084 INFO    thonny: TIME/MODS 0.001 Sending message ProgramOutput 
15:23:30.084 INFO    thonny: TIME/MODS 0.001 Sending message ProgramOutput 
15:23:30.085 INFO    thonny: TIME/MODS 0.001 Sending message ProgramOutput 
15:23:30.086 INFO    thonny: TIME/MODS 0.001 Sending message ProgramOutput 
15:23:30.087 INFO    thonny: TIME/MODS 0.002 Sending message ProgramOutput 
15:23:30.088 INFO    thonny: TIME/MODS 0.001 Sending message ProgramOutput 
15:23:30.090 INFO    thonny: TIME/MODS 0.001 Sending message ProgramOutput 
15:23:30.090 INFO    thonny: TIME/MODS 0.001 Sending message ProgramOutput 
15:23:30.091 INFO    thonny: TIME/MODS 0.001 Sending message ProgramOutput 
15:23:30.092 INFO    thonny: TIME/MODS 0.001 Sending message ProgramOutput 
15:23:30.106 INFO    thonny: TIME/MODS 0.014 Sending message ProgramOutput 
15:23:30.106 INFO    thonny: TIME/MODS 0.001 Sending message ProgramOutput 
15:23:30.107 INFO    thonny: TIME/MODS 0.001 Sending message ProgramOutput 
15:23:30.108 INFO    thonny: TIME/MODS 0.001 Sending message ProgramOutput 
15:23:30.109 INFO    thonny: TIME/MODS 0.001 Sending message ProgramOutput 
15:23:30.109 INFO    thonny: TIME/MODS 0.001 Sending message ProgramOutput 
15:23:30.111 INFO    thonny: TIME/MODS 0.002 Sending message ProgramOutput 
15:23:30.113 INFO    thonny: TIME/MODS 0.001 Sending message ProgramOutput 
15:23:30.116 INFO    thonny: TIME/MODS 0.003 Sending message ProgramOutput 
15:23:30.117 INFO    thonny: TIME/MODS 0.002 Sending message ProgramOutput 
15:23:30.119 INFO    thonny: TIME/MODS 0.002 Sending message ProgramOutput 
15:23:30.120 INFO    thonny: TIME/MODS 0.001 Sending message ProgramOutput 
15:23:30.123 INFO    thonny: TIME/MODS 0.003 Sending message ProgramOutput 
15:23:30.124 INFO    thonny: TIME/MODS 0.001 Sending message ProgramOutput 
15:23:30.125 INFO    thonny: TIME/MODS 0.001 Sending message ProgramOutput 
15:23:30.126 INFO    thonny: TIME/MODS 0.001 Sending message ProgramOutput 
15:23:30.127 INFO    thonny: TIME/MODS 0.001 Sending message ProgramOutput 
15:23:30.128 INFO    thonny: TIME/MODS 0.001 Sending message ProgramOutput 
15:23:30.136 INFO    thonny: TIME/MODS 0.008 Sending message ProgramOutput 
15:23:30.136 INFO    thonny: TIME/MODS 0.001 Sending message ProgramOutput 
15:23:30.137 INFO    thonny: TIME/MODS 0.001 Sending message ProgramOutput 
15:23:30.138 INFO    thonny: TIME/MODS 0.001 Sending message ProgramOutput 
15:23:30.139 INFO    thonny: TIME/MODS 0.001 Sending message ProgramOutput 
15:23:30.139 INFO    thonny: TIME/MODS 0.001 Sending message ProgramOutput 
15:23:30.141 INFO    thonny: TIME/MODS 0.002 Sending message ProgramOutput 
15:23:30.143 INFO    thonny: TIME/MODS 0.001 Sending message ProgramOutput 
15:23:30.144 INFO    thonny: TIME/MODS 0.002 Sending message ProgramOutput 
15:23:30.145 INFO    thonny: TIME/MODS 0.001 Sending message ProgramOutput 
15:23:30.146 INFO    thonny: TIME/MODS 0.001 Sending message ProgramOutput 
15:23:30.146 INFO    thonny: TIME/MODS 0.001 Sending message ProgramOutput 
15:23:30.151 INFO    thonny: TIME/MODS 0.004 Sending message ProgramOutput 
15:23:30.152 INFO    thonny: TIME/MODS 0.001 Sending message ProgramOutput 
15:23:30.153 INFO    thonny: TIME/MODS 0.001 Sending message ProgramOutput 
15:23:30.154 INFO    thonny: TIME/MODS 0.001 Sending message ProgramOutput 
15:23:30.156 INFO    thonny: TIME/MODS 0.001 Sending message ProgramOutput 
15:23:30.158 INFO    thonny: TIME/MODS 0.003 Sending message ProgramOutput 
15:23:30.162 INFO    thonny: TIME/MODS 0.003 Sending message ProgramOutput 
15:23:30.163 INFO    thonny: TIME/MODS 0.001 Sending message ProgramOutput 
15:23:30.164 INFO    thonny: TIME/MODS 0.002 Sending message ProgramOutput 
15:23:30.165 INFO    thonny: TIME/MODS 0.001 Sending message ProgramOutput 
15:23:30.166 INFO    thonny: TIME/MODS 0.001 Sending message ProgramOutput 
15:23:30.166 INFO    thonny: TIME/MODS 0.001 Sending message ProgramOutput 
15:23:30.169 INFO    thonny: TIME/MODS 0.003 Sending message ProgramOutput 
15:23:30.171 INFO    thonny: TIME/MODS 0.001 Sending message ProgramOutput 
15:23:30.171 INFO    thonny: TIME/MODS 0.001 Sending message ProgramOutput 
15:23:30.173 INFO    thonny: TIME/MODS 0.001 Sending message ProgramOutput 
15:23:30.174 INFO    thonny: TIME/MODS 0.001 Sending message ProgramOutput 
15:23:30.174 INFO    thonny: TIME/MODS 0.001 Sending message ProgramOutput 
15:23:30.176 INFO    thonny: TIME/MODS 0.002 Sending message ProgramOutput 
15:23:30.177 INFO    thonny: TIME/MODS 0.001 Sending message ProgramOutput 
15:23:30.178 INFO    thonny: TIME/MODS 0.001 Sending message ProgramOutput 
15:23:30.179 INFO    thonny: TIME/MODS 0.001 Sending message ProgramOutput 
15:23:30.179 INFO    thonny: TIME/MODS 0.001 Sending message ProgramOutput 
15:23:30.181 INFO    thonny: TIME/MODS 0.001 Sending message ProgramOutput 
15:23:30.194 INFO    thonny: TIME/MODS 0.013 Sending message ProgramOutput 
15:23:30.196 INFO    thonny: TIME/MODS 0.002 Sending message ProgramOutput 
15:23:30.199 INFO    thonny: TIME/MODS 0.003 Sending message ProgramOutput 
15:23:30.200 INFO    thonny: TIME/MODS 0.001 Sending message ProgramOutput 
15:23:30.201 INFO    thonny: TIME/MODS 0.001 Sending message ProgramOutput 
15:23:30.202 INFO    thonny: TIME/MODS 0.001 Sending message ProgramOutput 
15:23:30.204 INFO    thonny: TIME/MODS 0.002 Sending message ProgramOutput 
15:23:30.205 INFO    thonny: TIME/MODS 0.001 Sending message ProgramOutput 
15:23:30.206 INFO    thonny: TIME/MODS 0.001 Sending message ProgramOutput 
15:23:30.207 INFO    thonny: TIME/MODS 0.001 Sending message ProgramOutput 
15:23:30.207 INFO    thonny: TIME/MODS 0.001 Sending message ProgramOutput 
15:23:30.209 INFO    thonny: TIME/MODS 0.001 Sending message ProgramOutput 
15:23:30.214 INFO    thonny: TIME/MODS 0.005 Sending message ProgramOutput 
15:23:30.215 INFO    thonny: TIME/MODS 0.001 Sending message ProgramOutput 
15:23:30.216 INFO    thonny: TIME/MODS 0.001 Sending message ProgramOutput 
15:23:30.216 INFO    thonny: TIME/MODS 0.001 Sending message ProgramOutput 
15:23:30.217 INFO    thonny: TIME/MODS 0.001 Sending message ProgramOutput 
15:23:30.218 INFO    thonny: TIME/MODS 0.001 Sending message ProgramOutput 
15:23:30.224 INFO    thonny: TIME/MODS 0.007 Sending message ProgramOutput 
15:23:30.225 INFO    thonny: TIME/MODS 0.001 Sending message ProgramOutput 
15:23:30.226 INFO    thonny: TIME/MODS 0.001 Sending message ProgramOutput 
15:23:30.227 INFO    thonny: TIME/MODS 0.001 Sending message ProgramOutput 
15:23:30.228 INFO    thonny: TIME/MODS 0.001 Sending message ProgramOutput 
15:23:30.228 INFO    thonny: TIME/MODS 0.001 Sending message ProgramOutput 
15:23:30.242 INFO    thonny: TIME/MODS 0.013 Sending message ProgramOutput 
15:23:30.243 INFO    thonny: TIME/MODS 0.001 Sending message ProgramOutput 
15:23:30.244 INFO    thonny: TIME/MODS 0.001 Sending message ProgramOutput 
15:23:30.245 INFO    thonny: TIME/MODS 0.001 Sending message ProgramOutput 
15:23:30.245 INFO    thonny: TIME/MODS 0.001 Sending message ProgramOutput 
15:23:30.246 INFO    thonny: TIME/MODS 0.001 Sending message ProgramOutput 
15:23:30.257 INFO    thonny: TIME/MODS 0.011 Sending message ProgramOutput 
15:23:30.258 INFO    thonny: TIME/MODS 0.001 Sending message ProgramOutput 
15:23:30.258 INFO    thonny: TIME/MODS 0.001 Sending message ProgramOutput 
15:23:30.259 INFO    thonny: TIME/MODS 0.001 Sending message ProgramOutput 
15:23:30.260 INFO    thonny: TIME/MODS 0.001 Sending message ProgramOutput 
15:23:30.260 INFO    thonny: TIME/MODS 0.001 Sending message ProgramOutput 
15:23:30.298 INFO    thonny: TIME/MODS 0.038 Sending message ProgramOutput 
15:23:30.299 INFO    thonny: TIME/MODS 0.001 Sending message ProgramOutput 
15:23:30.300 INFO    thonny: TIME/MODS 0.001 Sending message ProgramOutput 
15:23:30.301 INFO    thonny: TIME/MODS 0.001 Sending message ProgramOutput 
15:23:30.302 INFO    thonny: TIME/MODS 0.001 Sending message ProgramOutput 
15:23:30.303 INFO    thonny: TIME/MODS 0.001 Sending message ProgramOutput 
15:23:30.305 INFO    thonny: TIME/MODS 0.002 Sending message ProgramOutput 
15:23:30.306 INFO    thonny: TIME/MODS 0.001 Sending message ProgramOutput 
15:23:30.307 INFO    thonny: TIME/MODS 0.001 Sending message ProgramOutput 
15:23:30.308 INFO    thonny: TIME/MODS 0.001 Sending message ProgramOutput 
15:23:30.309 INFO    thonny: TIME/MODS 0.001 Sending message ProgramOutput 
15:23:30.310 INFO    thonny: TIME/MODS 0.001 Sending message ProgramOutput 
15:23:30.323 INFO    thonny: TIME/MODS 0.013 Sending message ProgramOutput 
15:23:30.323 INFO    thonny: TIME/MODS 0.001 Sending message ProgramOutput 
15:23:30.324 INFO    thonny: TIME/MODS 0.001 Sending message ProgramOutput 
15:23:30.325 INFO    thonny: TIME/MODS 0.001 Sending message ProgramOutput 
15:23:30.326 INFO    thonny: TIME/MODS 0.001 Sending message ProgramOutput 
15:23:30.326 INFO    thonny: TIME/MODS 0.001 Sending message ProgramOutput 
15:23:30.340 INFO    thonny: TIME/MODS 0.014 Sending message ProgramOutput 
15:23:30.340 INFO    thonny: TIME/MODS 0.001 Sending message ProgramOutput 
15:23:30.341 INFO    thonny: TIME/MODS 0.001 Sending message ProgramOutput 
15:23:30.342 INFO    thonny: TIME/MODS 0.001 Sending message ProgramOutput 
15:23:30.343 INFO    thonny: TIME/MODS 0.001 Sending message ProgramOutput 
15:23:30.343 INFO    thonny: TIME/MODS 0.001 Sending message ProgramOutput 
15:23:30.363 INFO    thonny: TIME/MODS 0.019 Sending message ProgramOutput 
15:23:30.363 INFO    thonny: TIME/MODS 0.001 Sending message ProgramOutput 
15:23:30.364 INFO    thonny: TIME/MODS 0.001 Sending message ProgramOutput 
15:23:30.365 INFO    thonny: TIME/MODS 0.001 Sending message ProgramOutput 
15:23:30.366 INFO    thonny: TIME/MODS 0.001 Sending message ProgramOutput 
15:23:30.367 INFO    thonny: TIME/MODS 0.001 Sending message ProgramOutput 
15:23:30.378 INFO    thonny: TIME/MODS 0.011 Sending message ProgramOutput 
15:23:30.379 INFO    thonny: TIME/MODS 0.001 Sending message ProgramOutput 
15:23:30.379 INFO    thonny: TIME/MODS 0.001 Sending message ProgramOutput 
15:23:30.380 INFO    thonny: TIME/MODS 0.001 Sending message ProgramOutput 
15:23:30.381 INFO    thonny: TIME/MODS 0.001 Sending message ProgramOutput 
15:23:30.381 INFO    thonny: TIME/MODS 0.001 Sending message ProgramOutput 
15:23:30.403 INFO    thonny: TIME/MODS 0.021 Sending message ProgramOutput 
15:23:30.404 INFO    thonny: TIME/MODS 0.001 Sending message ProgramOutput 
15:23:30.405 INFO    thonny: TIME/MODS 0.001 Sending message ProgramOutput 
15:23:30.405 INFO    thonny: TIME/MODS 0.001 Sending message ProgramOutput 
15:23:30.407 INFO    thonny: TIME/MODS 0.001 Sending message ProgramOutput 
15:23:30.407 INFO    thonny: TIME/MODS 0.001 Sending message ProgramOutput 
15:23:30.428 INFO    thonny: TIME/MODS 0.021 Sending message ProgramOutput 
15:23:30.429 INFO    thonny: TIME/MODS 0.001 Sending message ProgramOutput 
15:23:30.430 INFO    thonny: TIME/MODS 0.001 Sending message ProgramOutput 
15:23:30.431 INFO    thonny: TIME/MODS 0.001 Sending message ProgramOutput 
15:23:30.431 INFO    thonny: TIME/MODS 0.001 Sending message ProgramOutput 
15:23:30.432 INFO    thonny: TIME/MODS 0.001 Sending message ProgramOutput 
15:23:30.445 INFO    thonny: TIME/MODS 0.013 Sending message ProgramOutput 
15:23:30.445 INFO    thonny: TIME/MODS 0.001 Sending message ProgramOutput 
15:23:30.446 INFO    thonny: TIME/MODS 0.001 Sending message ProgramOutput 
15:23:30.447 INFO    thonny: TIME/MODS 0.001 Sending message ProgramOutput 
15:23:30.447 INFO    thonny: TIME/MODS 0.001 Sending message ProgramOutput 
15:23:30.448 INFO    thonny: TIME/MODS 0.001 Sending message ProgramOutput 
15:23:30.465 INFO    thonny: TIME/MODS 0.017 Sending message ProgramOutput 
15:23:30.466 INFO    thonny: TIME/MODS 0.001 Sending message ProgramOutput 
15:23:30.466 INFO    thonny: TIME/MODS 0.001 Sending message ProgramOutput 
15:23:30.467 INFO    thonny: TIME/MODS 0.001 Sending message ProgramOutput 
15:23:30.468 INFO    thonny: TIME/MODS 0.001 Sending message ProgramOutput 
15:23:30.468 INFO    thonny: TIME/MODS 0.001 Sending message ProgramOutput 
15:23:30.483 INFO    thonny: TIME/MODS 0.014 Sending message ProgramOutput 
15:23:30.483 INFO    thonny: TIME/MODS 0.001 Sending message ProgramOutput 
15:23:30.484 INFO    thonny: TIME/MODS 0.001 Sending message ProgramOutput 
15:23:30.485 INFO    thonny: TIME/MODS 0.001 Sending message ProgramOutput 
15:23:30.486 INFO    thonny: TIME/MODS 0.001 Sending message ProgramOutput 
15:23:30.486 INFO    thonny: TIME/MODS 0.001 Sending message ProgramOutput 
15:23:30.496 INFO    thonny: TIME/MODS 0.010 Sending message ProgramOutput 
15:23:30.497 INFO    thonny: TIME/MODS 0.001 Sending message ProgramOutput 
15:23:30.498 INFO    thonny: TIME/MODS 0.001 Sending message ProgramOutput 
15:23:30.499 INFO    thonny: TIME/MODS 0.001 Sending message ProgramOutput 
15:23:30.500 INFO    thonny: TIME/MODS 0.001 Sending message ProgramOutput 
15:23:30.500 INFO    thonny: TIME/MODS 0.001 Sending message ProgramOutput 
15:23:30.507 INFO    thonny: TIME/MODS 0.007 Sending message ProgramOutput 
15:23:30.508 INFO    thonny: TIME/MODS 0.001 Sending message ProgramOutput 
15:23:30.509 INFO    thonny: TIME/MODS 0.001 Sending message ProgramOutput 
15:23:30.509 INFO    thonny: TIME/MODS 0.001 Sending message ProgramOutput 
15:23:30.510 INFO    thonny: TIME/MODS 0.001 Sending message ProgramOutput 
15:23:30.510 INFO    thonny: TIME/MODS 0.001 Sending message ProgramOutput 
15:23:30.542 INFO    thonny: TIME/MODS 0.032 Sending message ProgramOutput 
15:23:30.543 INFO    thonny: TIME/MODS 0.001 Sending message ProgramOutput 
15:23:30.544 INFO    thonny: TIME/MODS 0.001 Sending message ProgramOutput 
15:23:30.545 INFO    thonny: TIME/MODS 0.001 Sending message ProgramOutput 
15:23:30.545 INFO    thonny: TIME/MODS 0.001 Sending message ProgramOutput 
15:23:30.546 INFO    thonny: TIME/MODS 0.001 Sending message ProgramOutput 
15:23:30.548 INFO    thonny: TIME/MODS 0.002 Sending message ProgramOutput 
15:23:30.549 INFO    thonny: TIME/MODS 0.001 Sending message ProgramOutput 
15:23:30.551 INFO    thonny: TIME/MODS 0.001 Sending message ProgramOutput 
15:23:30.551 INFO    thonny: TIME/MODS 0.001 Sending message ProgramOutput 
15:23:30.552 INFO    thonny: TIME/MODS 0.001 Sending message ProgramOutput 
15:23:30.553 INFO    thonny: TIME/MODS 0.001 Sending message ProgramOutput 
15:23:30.555 INFO    thonny: TIME/MODS 0.002 Sending message ProgramOutput 
15:23:30.556 INFO    thonny: TIME/MODS 0.002 Sending message ProgramOutput 
15:23:30.559 INFO    thonny: TIME/MODS 0.002 Sending message ProgramOutput 
15:23:30.560 INFO    thonny: TIME/MODS 0.002 Sending message ProgramOutput 
15:23:30.562 INFO    thonny: TIME/MODS 0.002 Sending message ProgramOutput 
15:23:30.564 INFO    thonny: TIME/MODS 0.001 Sending message ProgramOutput 
15:23:30.565 INFO    thonny: TIME/MODS 0.002 Sending message ProgramOutput 
15:23:30.567 INFO    thonny: TIME/MODS 0.002 Sending message ProgramOutput 
15:23:30.568 INFO    thonny: TIME/MODS 0.001 Sending message ProgramOutput 
15:23:30.569 INFO    thonny: TIME/MODS 0.001 Sending message ProgramOutput 
15:23:30.570 INFO    thonny: TIME/MODS 0.001 Sending message ProgramOutput 
15:23:30.571 INFO    thonny: TIME/MODS 0.001 Sending message ProgramOutput 
15:23:31.456 INFO    thonny: TIME/MODS 0.885 Sending message ProgramOutput 
15:23:31.457 INFO    thonny: TIME/MODS 0.001 Sending message ProgramOutput 
15:23:31.458 INFO    thonny: TIME/MODS 0.001 Sending message ProgramOutput 
15:23:31.459 INFO    thonny: TIME/MODS 0.001 Sending message ProgramOutput 
15:23:31.459 INFO    thonny: TIME/MODS 0.001 Sending message ProgramOutput 
15:23:31.460 INFO    thonny: TIME/MODS 0.001 Sending message ProgramOutput 
15:23:31.473 INFO    thonny: TIME/MODS 0.013 Sending message ProgramOutput 
15:23:31.474 INFO    thonny: TIME/MODS 0.001 Sending message ProgramOutput 
15:23:31.474 INFO    thonny: TIME/MODS 0.001 Sending message ProgramOutput 
15:23:31.475 INFO    thonny: TIME/MODS 0.001 Sending message ProgramOutput 
15:23:31.476 INFO    thonny: TIME/MODS 0.001 Sending message ProgramOutput 
15:23:31.476 INFO    thonny: TIME/MODS 0.001 Sending message ProgramOutput 
15:23:31.482 INFO    thonny: TIME/MODS 0.005 Sending message ProgramOutput 
15:23:31.483 INFO    thonny: TIME/MODS 0.001 Sending message ProgramOutput 
15:23:31.485 INFO    thonny: TIME/MODS 0.002 Sending message ProgramOutput 
15:23:31.487 INFO    thonny: TIME/MODS 0.003 Sending message ProgramOutput 
15:23:31.489 INFO    thonny: TIME/MODS 0.001 Sending message ProgramOutput 
15:23:31.490 INFO    thonny: TIME/MODS 0.001 Sending message ProgramOutput 
15:23:31.492 INFO    thonny: TIME/MODS 0.002 Sending message ProgramOutput 
15:23:31.493 INFO    thonny: TIME/MODS 0.001 Sending message ProgramOutput 
15:23:31.494 INFO    thonny: TIME/MODS 0.001 Sending message ProgramOutput 
15:23:31.495 INFO    thonny: TIME/MODS 0.001 Sending message ProgramOutput 
15:23:31.496 INFO    thonny: TIME/MODS 0.001 Sending message ProgramOutput 
15:23:31.497 INFO    thonny: TIME/MODS 0.001 Sending message ProgramOutput 
15:23:31.499 INFO    thonny: TIME/MODS 0.002 Sending message ProgramOutput 
15:23:31.500 INFO    thonny: TIME/MODS 0.001 Sending message ProgramOutput 
15:23:31.501 INFO    thonny: TIME/MODS 0.001 Sending message ProgramOutput 
15:23:31.503 INFO    thonny: TIME/MODS 0.001 Sending message ProgramOutput 
15:23:31.503 INFO    thonny: TIME/MODS 0.001 Sending message ProgramOutput 
15:23:31.504 INFO    thonny: TIME/MODS 0.001 Sending message ProgramOutput 
15:23:31.506 INFO    thonny: TIME/MODS 0.002 Sending message ProgramOutput 
15:23:31.508 INFO    thonny: TIME/MODS 0.001 Sending message ProgramOutput 
15:23:31.509 INFO    thonny: TIME/MODS 0.001 Sending message ProgramOutput 
15:23:31.510 INFO    thonny: TIME/MODS 0.001 Sending message ProgramOutput 
15:23:31.511 INFO    thonny: TIME/MODS 0.001 Sending message ProgramOutput 
15:23:31.512 INFO    thonny: TIME/MODS 0.001 Sending message ProgramOutput 
15:23:31.514 INFO    thonny: TIME/MODS 0.002 Sending message ProgramOutput 
15:23:31.515 INFO    thonny: TIME/MODS 0.001 Sending message ProgramOutput 
15:23:31.517 INFO    thonny: TIME/MODS 0.002 Sending message ProgramOutput 
15:23:31.517 INFO    thonny: TIME/MODS 0.001 Sending message ProgramOutput 
15:23:31.518 INFO    thonny: TIME/MODS 0.001 Sending message ProgramOutput 
15:23:31.518 INFO    thonny: TIME/MODS 0.001 Sending message ProgramOutput 
15:23:31.520 INFO    thonny: TIME/MODS 0.002 Sending message ProgramOutput 
15:23:31.522 INFO    thonny: TIME/MODS 0.001 Sending message ProgramOutput 
15:23:31.524 INFO    thonny: TIME/MODS 0.002 Sending message ProgramOutput 
15:23:31.526 INFO    thonny: TIME/MODS 0.002 Sending message ProgramOutput 
15:23:31.527 INFO    thonny: TIME/MODS 0.001 Sending message ProgramOutput 
15:23:31.529 INFO    thonny: TIME/MODS 0.002 Sending message ProgramOutput 
15:23:31.531 INFO    thonny: TIME/MODS 0.002 Sending message ProgramOutput 
15:23:31.533 INFO    thonny: TIME/MODS 0.001 Sending message ProgramOutput 
15:23:31.534 INFO    thonny: TIME/MODS 0.001 Sending message ProgramOutput 
15:23:31.535 INFO    thonny: TIME/MODS 0.001 Sending message ProgramOutput 
15:23:31.535 INFO    thonny: TIME/MODS 0.001 Sending message ProgramOutput 
15:23:31.536 INFO    thonny: TIME/MODS 0.001 Sending message ProgramOutput 
15:23:31.538 INFO    thonny: TIME/MODS 0.002 Sending message ProgramOutput 
15:23:31.539 INFO    thonny: TIME/MODS 0.001 Sending message ProgramOutput 
15:23:31.541 INFO    thonny: TIME/MODS 0.002 Sending message ProgramOutput 
15:23:31.541 INFO    thonny: TIME/MODS 0.001 Sending message ProgramOutput 
15:23:31.542 INFO    thonny: TIME/MODS 0.001 Sending message ProgramOutput 
15:23:31.543 INFO    thonny: TIME/MODS 0.001 Sending message ProgramOutput 
15:23:31.545 INFO    thonny: TIME/MODS 0.002 Sending message ProgramOutput 
15:23:31.546 INFO    thonny: TIME/MODS 0.001 Sending message ProgramOutput 
15:23:31.548 INFO    thonny: TIME/MODS 0.002 Sending message ProgramOutput 
15:23:31.549 INFO    thonny: TIME/MODS 0.001 Sending message ProgramOutput 
15:23:31.549 INFO    thonny: TIME/MODS 0.001 Sending message ProgramOutput 
15:23:31.550 INFO    thonny: TIME/MODS 0.001 Sending message ProgramOutput 
15:23:31.551 INFO    thonny: TIME/MODS 0.001 Sending message ProgramOutput 
15:23:31.552 INFO    thonny: TIME/MODS 0.001 Sending message ProgramOutput 
15:23:31.554 INFO    thonny: TIME/MODS 0.002 Sending message ProgramOutput 
15:23:31.554 INFO    thonny: TIME/MODS 0.001 Sending message ProgramOutput 
15:23:31.555 INFO    thonny: TIME/MODS 0.001 Sending message ProgramOutput 
15:23:31.556 INFO    thonny: TIME/MODS 0.001 Sending message ProgramOutput 
15:23:31.558 INFO    thonny: TIME/MODS 0.002 Sending message ProgramOutput 
15:23:31.558 INFO    thonny: TIME/MODS 0.001 Sending message ProgramOutput 
15:23:31.560 INFO    thonny: TIME/MODS 0.002 Sending message ProgramOutput 
15:23:31.561 INFO    thonny: TIME/MODS 0.001 Sending message ProgramOutput 
15:23:31.561 INFO    thonny: TIME/MODS 0.001 Sending message ProgramOutput 
15:23:31.562 INFO    thonny: TIME/MODS 0.001 Sending message ProgramOutput 
15:23:31.564 INFO    thonny: TIME/MODS 0.002 Sending message ProgramOutput 
15:23:31.566 INFO    thonny: TIME/MODS 0.001 Sending message ProgramOutput 
15:23:31.568 INFO    thonny: TIME/MODS 0.003 Sending message ProgramOutput 
15:23:31.569 INFO    thonny: TIME/MODS 0.001 Sending message ProgramOutput 
15:23:31.570 INFO    thonny: TIME/MODS 0.001 Sending message ProgramOutput 
15:23:31.571 INFO    thonny: TIME/MODS 0.001 Sending message ProgramOutput 
15:23:31.574 INFO    thonny: TIME/MODS 0.003 Sending message ProgramOutput 
15:23:31.575 INFO    thonny: TIME/MODS 0.001 Sending message ProgramOutput 
15:23:31.576 INFO    thonny: TIME/MODS 0.001 Sending message ProgramOutput 
15:23:31.577 INFO    thonny: TIME/MODS 0.001 Sending message ProgramOutput 
15:23:31.578 INFO    thonny: TIME/MODS 0.001 Sending message ProgramOutput 
15:23:31.579 INFO    thonny: TIME/MODS 0.001 Sending message ProgramOutput 
15:23:31.583 INFO    thonny: TIME/MODS 0.004 Sending message ProgramOutput 
15:23:31.584 INFO    thonny: TIME/MODS 0.001 Sending message ProgramOutput 
15:23:31.585 INFO    thonny: TIME/MODS 0.001 Sending message ProgramOutput 
15:23:31.586 INFO    thonny: TIME/MODS 0.001 Sending message ProgramOutput 
15:23:31.587 INFO    thonny: TIME/MODS 0.001 Sending message ProgramOutput 
15:23:31.587 INFO    thonny: TIME/MODS 0.001 Sending message ProgramOutput 
15:23:31.593 INFO    thonny: TIME/MODS 0.006 Sending message ProgramOutput 
15:23:31.594 INFO    thonny: TIME/MODS 0.001 Sending message ProgramOutput 
15:23:31.595 INFO    thonny: TIME/MODS 0.001 Sending message ProgramOutput 
15:23:31.596 INFO    thonny: TIME/MODS 0.001 Sending message ProgramOutput 
15:23:31.596 INFO    thonny: TIME/MODS 0.001 Sending message ProgramOutput 
15:23:31.597 INFO    thonny: TIME/MODS 0.001 Sending message ProgramOutput 
15:23:31.602 INFO    thonny: TIME/MODS 0.005 Sending message ProgramOutput 
15:23:31.603 INFO    thonny: TIME/MODS 0.001 Sending message ProgramOutput 
15:23:31.605 INFO    thonny: TIME/MODS 0.002 Sending message ProgramOutput 
15:23:31.608 INFO    thonny: TIME/MODS 0.002 Sending message ProgramOutput 
15:23:31.609 INFO    thonny: TIME/MODS 0.001 Sending message ProgramOutput 
15:23:31.610 INFO    thonny: TIME/MODS 0.001 Sending message ProgramOutput 
15:23:31.622 INFO    thonny: TIME/MODS 0.012 Sending message ProgramOutput 
15:23:31.623 INFO    thonny: TIME/MODS 0.001 Sending message ProgramOutput 
15:23:31.624 INFO    thonny: TIME/MODS 0.001 Sending message ProgramOutput 
15:23:31.624 INFO    thonny: TIME/MODS 0.001 Sending message ProgramOutput 
15:23:31.625 INFO    thonny: TIME/MODS 0.001 Sending message ProgramOutput 
15:23:31.626 INFO    thonny: TIME/MODS 0.001 Sending message ProgramOutput 
15:23:31.651 INFO    thonny: TIME/MODS 0.025 Sending message ProgramOutput 
15:23:31.651 INFO    thonny: TIME/MODS 0.001 Sending message ProgramOutput 
15:23:31.653 INFO    thonny: TIME/MODS 0.001 Sending message ProgramOutput 
15:23:31.654 INFO    thonny: TIME/MODS 0.001 Sending message ProgramOutput 
15:23:31.654 INFO    thonny: TIME/MODS 0.001 Sending message ProgramOutput 
15:23:31.655 INFO    thonny: TIME/MODS 0.001 Sending message ProgramOutput 
15:23:31.690 INFO    thonny: TIME/MODS 0.035 Sending message ProgramOutput 
15:23:31.691 INFO    thonny: TIME/MODS 0.001 Sending message ProgramOutput 
15:23:31.691 INFO    thonny: TIME/MODS 0.001 Sending message ProgramOutput 
15:23:31.692 INFO    thonny: TIME/MODS 0.001 Sending message ProgramOutput 
15:23:31.693 INFO    thonny: TIME/MODS 0.001 Sending message ProgramOutput 
15:23:31.694 INFO    thonny: TIME/MODS 0.001 Sending message ProgramOutput 
15:23:31.720 INFO    thonny: TIME/MODS 0.026 Sending message ProgramOutput 
15:23:31.721 INFO    thonny: TIME/MODS 0.001 Sending message ProgramOutput 
15:23:31.722 INFO    thonny: TIME/MODS 0.001 Sending message ProgramOutput 
15:23:31.722 INFO    thonny: TIME/MODS 0.001 Sending message ProgramOutput 
15:23:31.723 INFO    thonny: TIME/MODS 0.001 Sending message ProgramOutput 
15:23:31.725 INFO    thonny: TIME/MODS 0.002 Sending message ProgramOutput 
15:23:31.762 INFO    thonny: TIME/MODS 0.037 Sending message ProgramOutput 
15:23:31.762 INFO    thonny: TIME/MODS 0.001 Sending message ProgramOutput 
15:23:31.763 INFO    thonny: TIME/MODS 0.001 Sending message ProgramOutput 
15:23:31.766 INFO    thonny: TIME/MODS 0.002 Sending message ProgramOutput 
15:23:31.767 INFO    thonny: TIME/MODS 0.001 Sending message ProgramOutput 
15:23:31.769 INFO    thonny: TIME/MODS 0.001 Sending message ProgramOutput 
15:23:31.812 INFO    thonny: TIME/MODS 0.044 Sending message ProgramOutput 
15:23:31.813 INFO    thonny: TIME/MODS 0.001 Sending message ProgramOutput 
15:23:31.814 INFO    thonny: TIME/MODS 0.001 Sending message ProgramOutput 
15:23:31.815 INFO    thonny: TIME/MODS 0.001 Sending message ProgramOutput 
15:23:31.815 INFO    thonny: TIME/MODS 0.001 Sending message ProgramOutput 
15:23:31.816 INFO    thonny: TIME/MODS 0.001 Sending message ProgramOutput 
15:23:31.844 INFO    thonny: TIME/MODS 0.028 Sending message ProgramOutput 
15:23:31.845 INFO    thonny: TIME/MODS 0.001 Sending message ProgramOutput 
15:23:31.846 INFO    thonny: TIME/MODS 0.001 Sending message ProgramOutput 
15:23:31.849 INFO    thonny: TIME/MODS 0.003 Sending message ProgramOutput 
15:23:31.850 INFO    thonny: TIME/MODS 0.001 Sending message ProgramOutput 
15:23:31.851 INFO    thonny: TIME/MODS 0.001 Sending message ProgramOutput 
15:23:31.877 INFO    thonny: TIME/MODS 0.026 Sending message ProgramOutput 
15:23:31.878 INFO    thonny: TIME/MODS 0.001 Sending message ProgramOutput 
15:23:31.879 INFO    thonny: TIME/MODS 0.001 Sending message ProgramOutput 
15:23:31.879 INFO    thonny: TIME/MODS 0.001 Sending message ProgramOutput 
15:23:31.880 INFO    thonny: TIME/MODS 0.001 Sending message ProgramOutput 
15:23:31.881 INFO    thonny: TIME/MODS 0.001 Sending message ProgramOutput 
15:23:31.903 INFO    thonny: TIME/MODS 0.022 Sending message ProgramOutput 
15:23:31.904 INFO    thonny: TIME/MODS 0.001 Sending message ProgramOutput 
15:23:31.905 INFO    thonny: TIME/MODS 0.001 Sending message ProgramOutput 
15:23:31.906 INFO    thonny: TIME/MODS 0.001 Sending message ProgramOutput 
15:23:31.907 INFO    thonny: TIME/MODS 0.001 Sending message ProgramOutput 
15:23:31.908 INFO    thonny: TIME/MODS 0.001 Sending message ProgramOutput 
15:23:31.934 INFO    thonny: TIME/MODS 0.026 Sending message ProgramOutput 
15:23:31.934 INFO    thonny: TIME/MODS 0.001 Sending message ProgramOutput 
15:23:31.936 INFO    thonny: TIME/MODS 0.002 Sending message ProgramOutput 
15:23:31.937 INFO    thonny: TIME/MODS 0.001 Sending message ProgramOutput 
15:23:31.937 INFO    thonny: TIME/MODS 0.001 Sending message ProgramOutput 
15:23:31.938 INFO    thonny: TIME/MODS 0.001 Sending message ProgramOutput 
15:23:31.952 INFO    thonny: TIME/MODS 0.014 Sending message ProgramOutput 
15:23:31.953 INFO    thonny: TIME/MODS 0.001 Sending message ProgramOutput 
15:23:31.954 INFO    thonny: TIME/MODS 0.001 Sending message ProgramOutput 
15:23:31.954 INFO    thonny: TIME/MODS 0.001 Sending message ProgramOutput 
15:23:31.955 INFO    thonny: TIME/MODS 0.000 Sending message ProgramOutput 
15:23:31.955 INFO    thonny: TIME/MODS 0.001 Sending message ProgramOutput 
15:23:31.978 INFO    thonny: TIME/MODS 0.023 Sending message ProgramOutput 
15:23:31.979 INFO    thonny: TIME/MODS 0.001 Sending message ProgramOutput 
15:23:31.979 INFO    thonny: TIME/MODS 0.001 Sending message ProgramOutput 
15:23:31.980 INFO    thonny: TIME/MODS 0.001 Sending message ProgramOutput 
15:23:31.981 INFO    thonny: TIME/MODS 0.001 Sending message ProgramOutput 
15:23:31.982 INFO    thonny: TIME/MODS 0.001 Sending message ProgramOutput 
15:23:32.000 INFO    thonny: TIME/MODS 0.018 Sending message ProgramOutput 
15:23:32.001 INFO    thonny: TIME/MODS 0.001 Sending message ProgramOutput 
15:23:32.002 INFO    thonny: TIME/MODS 0.001 Sending message ProgramOutput 
15:23:32.002 INFO    thonny: TIME/MODS 0.001 Sending message ProgramOutput 
15:23:32.003 INFO    thonny: TIME/MODS 0.001 Sending message ProgramOutput 
15:23:32.004 INFO    thonny: TIME/MODS 0.001 Sending message ProgramOutput 
15:23:32.023 INFO    thonny: TIME/MODS 0.019 Sending message ProgramOutput 
15:23:32.024 INFO    thonny: TIME/MODS 0.001 Sending message ProgramOutput 
15:23:32.025 INFO    thonny: TIME/MODS 0.001 Sending message ProgramOutput 
15:23:32.025 INFO    thonny: TIME/MODS 0.001 Sending message ProgramOutput 
15:23:32.026 INFO    thonny: TIME/MODS 0.001 Sending message ProgramOutput 
15:23:32.026 INFO    thonny: TIME/MODS 0.000 Sending message ProgramOutput 
15:23:32.036 INFO    thonny: TIME/MODS 0.010 Sending message ProgramOutput 
15:23:32.037 INFO    thonny: TIME/MODS 0.001 Sending message ProgramOutput 
15:23:32.038 INFO    thonny: TIME/MODS 0.001 Sending message ProgramOutput 
15:23:32.038 INFO    thonny: TIME/MODS 0.000 Sending message ProgramOutput 
15:23:32.039 INFO    thonny: TIME/MODS 0.000 Sending message ProgramOutput 
15:23:32.039 INFO    thonny: TIME/MODS 0.000 Sending message ProgramOutput 
15:23:32.045 INFO    thonny: TIME/MODS 0.006 Sending message ProgramOutput 
15:23:32.046 INFO    thonny: TIME/MODS 0.001 Sending message ProgramOutput 
15:23:32.047 INFO    thonny: TIME/MODS 0.001 Sending message ProgramOutput 
15:23:32.047 INFO    thonny: TIME/MODS 0.001 Sending message ProgramOutput 
15:23:32.049 INFO    thonny: TIME/MODS 0.001 Sending message ProgramOutput 
15:23:32.049 INFO    thonny: TIME/MODS 0.001 Sending message ProgramOutput 
15:23:32.054 INFO    thonny: TIME/MODS 0.005 Sending message ProgramOutput 
15:23:32.055 INFO    thonny: TIME/MODS 0.001 Sending message ProgramOutput 
15:23:32.057 INFO    thonny: TIME/MODS 0.001 Sending message ProgramOutput 
15:23:32.057 INFO    thonny: TIME/MODS 0.001 Sending message ProgramOutput 
15:23:32.058 INFO    thonny: TIME/MODS 0.001 Sending message ProgramOutput 
15:23:32.059 INFO    thonny: TIME/MODS 0.001 Sending message ProgramOutput 
15:23:32.065 INFO    thonny: TIME/MODS 0.006 Sending message ProgramOutput 
15:23:32.065 INFO    thonny: TIME/MODS 0.001 Sending message ProgramOutput 
15:23:32.066 INFO    thonny: TIME/MODS 0.001 Sending message ProgramOutput 
15:23:32.067 INFO    thonny: TIME/MODS 0.001 Sending message ProgramOutput 
15:23:32.068 INFO    thonny: TIME/MODS 0.001 Sending message ProgramOutput 
15:23:32.068 INFO    thonny: TIME/MODS 0.001 Sending message ProgramOutput 
15:23:32.073 INFO    thonny: TIME/MODS 0.005 Sending message ProgramOutput 
15:23:32.074 INFO    thonny: TIME/MODS 0.001 Sending message ProgramOutput 
15:23:32.075 INFO    thonny: TIME/MODS 0.001 Sending message ProgramOutput 
15:23:32.076 INFO    thonny: TIME/MODS 0.001 Sending message ProgramOutput 
15:23:32.076 INFO    thonny: TIME/MODS 0.001 Sending message ProgramOutput 
15:23:32.077 INFO    thonny: TIME/MODS 0.001 Sending message ProgramOutput 
15:23:32.082 INFO    thonny: TIME/MODS 0.005 Sending message ProgramOutput 
15:23:32.083 INFO    thonny: TIME/MODS 0.001 Sending message ProgramOutput 
15:23:32.084 INFO    thonny: TIME/MODS 0.001 Sending message ProgramOutput 
15:23:32.084 INFO    thonny: TIME/MODS 0.001 Sending message ProgramOutput 
15:23:32.085 INFO    thonny: TIME/MODS 0.001 Sending message ProgramOutput 
15:23:32.086 INFO    thonny: TIME/MODS 0.001 Sending message ProgramOutput 
15:23:32.097 INFO    thonny: TIME/MODS 0.011 Sending message ProgramOutput 
15:23:32.097 INFO    thonny: TIME/MODS 0.001 Sending message ProgramOutput 
15:23:32.099 INFO    thonny: TIME/MODS 0.001 Sending message ProgramOutput 
15:23:32.099 INFO    thonny: TIME/MODS 0.001 Sending message ProgramOutput 
15:23:32.100 INFO    thonny: TIME/MODS 0.001 Sending message ProgramOutput 
15:23:32.101 INFO    thonny: TIME/MODS 0.001 Sending message ProgramOutput 
15:23:32.105 INFO    thonny: TIME/MODS 0.004 Sending message ProgramOutput 
15:23:32.106 INFO    thonny: TIME/MODS 0.001 Sending message ProgramOutput 
15:23:32.107 INFO    thonny: TIME/MODS 0.001 Sending message ProgramOutput 
15:23:32.107 INFO    thonny: TIME/MODS 0.001 Sending message ProgramOutput 
15:23:32.108 INFO    thonny: TIME/MODS 0.001 Sending message ProgramOutput 
15:23:32.109 INFO    thonny: TIME/MODS 0.001 Sending message ProgramOutput 
15:23:32.146 INFO    thonny: TIME/MODS 0.038 Sending message ProgramOutput 
15:23:32.147 INFO    thonny: TIME/MODS 0.001 Sending message ProgramOutput 
15:23:32.149 INFO    thonny: TIME/MODS 0.001 Sending message ProgramOutput 
15:23:32.150 INFO    thonny: TIME/MODS 0.002 Sending message ProgramOutput 
15:23:32.152 INFO    thonny: TIME/MODS 0.002 Sending message ProgramOutput 
15:23:32.153 INFO    thonny: TIME/MODS 0.002 Sending message ProgramOutput 
15:23:32.178 INFO    thonny: TIME/MODS 0.025 Sending message ProgramOutput 
15:23:32.180 INFO    thonny: TIME/MODS 0.002 Sending message ProgramOutput 
15:23:32.181 INFO    thonny: TIME/MODS 0.002 Sending message ProgramOutput 
15:23:32.182 INFO    thonny: TIME/MODS 0.001 Sending message ProgramOutput 
15:23:32.185 INFO    thonny: TIME/MODS 0.003 Sending message ProgramOutput 
15:23:32.186 INFO    thonny: TIME/MODS 0.001 Sending message ProgramOutput 
15:23:32.191 INFO    thonny: TIME/MODS 0.005 Sending message ProgramOutput 
15:23:32.192 INFO    thonny: TIME/MODS 0.001 Sending message ProgramOutput 
15:23:32.193 INFO    thonny: TIME/MODS 0.001 Sending message ProgramOutput 
15:23:32.194 INFO    thonny: TIME/MODS 0.001 Sending message ProgramOutput 
15:23:32.194 INFO    thonny: TIME/MODS 0.001 Sending message ProgramOutput 
15:23:32.195 INFO    thonny: TIME/MODS 0.001 Sending message ProgramOutput 
15:23:32.197 INFO    thonny: TIME/MODS 0.002 Sending message ProgramOutput 
15:23:32.198 INFO    thonny: TIME/MODS 0.002 Sending message ProgramOutput 
15:23:32.199 INFO    thonny: TIME/MODS 0.001 Sending message ProgramOutput 
15:23:32.200 INFO    thonny: TIME/MODS 0.001 Sending message ProgramOutput 
15:23:32.201 INFO    thonny: TIME/MODS 0.001 Sending message ProgramOutput 
15:23:32.202 INFO    thonny: TIME/MODS 0.001 Sending message ProgramOutput 
15:23:32.220 INFO    thonny: TIME/MODS 0.018 Sending message ProgramOutput 
15:23:32.221 INFO    thonny: TIME/MODS 0.001 Sending message ProgramOutput 
15:23:32.222 INFO    thonny: TIME/MODS 0.001 Sending message ProgramOutput 
15:23:32.223 INFO    thonny: TIME/MODS 0.001 Sending message ProgramOutput 
15:23:32.223 INFO    thonny: TIME/MODS 0.001 Sending message ProgramOutput 
15:23:32.224 INFO    thonny: TIME/MODS 0.001 Sending message ProgramOutput 
15:23:32.243 INFO    thonny: TIME/MODS 0.019 Sending message ProgramOutput 
15:23:32.243 INFO    thonny: TIME/MODS 0.001 Sending message ProgramOutput 
15:23:32.244 INFO    thonny: TIME/MODS 0.001 Sending message ProgramOutput 
15:23:32.245 INFO    thonny: TIME/MODS 0.001 Sending message ProgramOutput 
15:23:32.245 INFO    thonny: TIME/MODS 0.001 Sending message ProgramOutput 
15:23:32.246 INFO    thonny: TIME/MODS 0.001 Sending message ProgramOutput 
15:23:32.276 INFO    thonny: TIME/MODS 0.029 Sending message ProgramOutput 
15:23:32.276 INFO    thonny: TIME/MODS 0.001 Sending message ProgramOutput 
15:23:32.277 INFO    thonny: TIME/MODS 0.001 Sending message ProgramOutput 
15:23:32.278 INFO    thonny: TIME/MODS 0.001 Sending message ProgramOutput 
15:23:32.279 INFO    thonny: TIME/MODS 0.001 Sending message ProgramOutput 
15:23:32.279 INFO    thonny: TIME/MODS 0.001 Sending message ProgramOutput 
15:23:32.321 INFO    thonny: TIME/MODS 0.041 Sending message ProgramOutput 
15:23:32.322 INFO    thonny: TIME/MODS 0.001 Sending message ProgramOutput 
15:23:32.323 INFO    thonny: TIME/MODS 0.001 Sending message ProgramOutput 
15:23:32.324 INFO    thonny: TIME/MODS 0.001 Sending message ProgramOutput 
15:23:32.324 INFO    thonny: TIME/MODS 0.001 Sending message ProgramOutput 
15:23:32.325 INFO    thonny: TIME/MODS 0.001 Sending message ProgramOutput 
15:23:32.345 INFO    thonny: TIME/MODS 0.020 Sending message ProgramOutput 
15:23:32.345 INFO    thonny: TIME/MODS 0.001 Sending message ProgramOutput 
15:23:32.346 INFO    thonny: TIME/MODS 0.001 Sending message ProgramOutput 
15:23:32.347 INFO    thonny: TIME/MODS 0.001 Sending message ProgramOutput 
15:23:32.347 INFO    thonny: TIME/MODS 0.001 Sending message ProgramOutput 
15:23:32.351 INFO    thonny: TIME/MODS 0.003 Sending message ProgramOutput 
15:23:32.357 INFO    thonny: TIME/MODS 0.006 Sending message ProgramOutput 
15:23:32.357 INFO    thonny: TIME/MODS 0.001 Sending message ProgramOutput 
15:23:32.358 INFO    thonny: TIME/MODS 0.001 Sending message ProgramOutput 
15:23:32.359 INFO    thonny: TIME/MODS 0.001 Sending message ProgramOutput 
15:23:32.360 INFO    thonny: TIME/MODS 0.001 Sending message ProgramOutput 
15:23:32.360 INFO    thonny: TIME/MODS 0.001 Sending message ProgramOutput 
15:23:32.367 INFO    thonny: TIME/MODS 0.007 Sending message ProgramOutput 
15:23:32.368 INFO    thonny: TIME/MODS 0.001 Sending message ProgramOutput 
15:23:32.369 INFO    thonny: TIME/MODS 0.001 Sending message ProgramOutput 
15:23:32.369 INFO    thonny: TIME/MODS 0.001 Sending message ProgramOutput 
15:23:32.370 INFO    thonny: TIME/MODS 0.001 Sending message ProgramOutput 
15:23:32.371 INFO    thonny: TIME/MODS 0.001 Sending message ProgramOutput 
15:23:32.381 INFO    thonny: TIME/MODS 0.010 Sending message ProgramOutput 
15:23:32.382 INFO    thonny: TIME/MODS 0.001 Sending message ProgramOutput 
15:23:32.383 INFO    thonny: TIME/MODS 0.001 Sending message ProgramOutput 
15:23:32.384 INFO    thonny: TIME/MODS 0.001 Sending message ProgramOutput 
15:23:32.384 INFO    thonny: TIME/MODS 0.001 Sending message ProgramOutput 
15:23:32.385 INFO    thonny: TIME/MODS 0.001 Sending message ProgramOutput 
15:23:32.390 INFO    thonny: TIME/MODS 0.005 Sending message ProgramOutput 
15:23:32.391 INFO    thonny: TIME/MODS 0.001 Sending message ProgramOutput 
15:23:32.392 INFO    thonny: TIME/MODS 0.001 Sending message ProgramOutput 
15:23:32.393 INFO    thonny: TIME/MODS 0.001 Sending message ProgramOutput 
15:23:32.394 INFO    thonny: TIME/MODS 0.001 Sending message ProgramOutput 
15:23:32.394 INFO    thonny: TIME/MODS 0.001 Sending message ProgramOutput 
15:23:32.399 INFO    thonny: TIME/MODS 0.004 Sending message ProgramOutput 
15:23:32.399 INFO    thonny: TIME/MODS 0.001 Sending message ProgramOutput 
15:23:32.400 INFO    thonny: TIME/MODS 0.001 Sending message ProgramOutput 
15:23:32.401 INFO    thonny: TIME/MODS 0.001 Sending message ProgramOutput 
15:23:32.402 INFO    thonny: TIME/MODS 0.001 Sending message ProgramOutput 
15:23:32.403 INFO    thonny: TIME/MODS 0.001 Sending message ProgramOutput 
15:23:32.412 INFO    thonny: TIME/MODS 0.009 Sending message ProgramOutput 
15:23:32.413 INFO    thonny: TIME/MODS 0.001 Sending message ProgramOutput 
15:23:32.414 INFO    thonny: TIME/MODS 0.001 Sending message ProgramOutput 
15:23:32.414 INFO    thonny: TIME/MODS 0.001 Sending message ProgramOutput 
15:23:32.416 INFO    thonny: TIME/MODS 0.001 Sending message ProgramOutput 
15:23:32.417 INFO    thonny: TIME/MODS 0.001 Sending message ProgramOutput 
15:23:32.425 INFO    thonny: TIME/MODS 0.008 Sending message ProgramOutput 
15:23:32.425 INFO    thonny: TIME/MODS 0.001 Sending message ProgramOutput 
15:23:32.426 INFO    thonny: TIME/MODS 0.001 Sending message ProgramOutput 
15:23:32.427 INFO    thonny: TIME/MODS 0.001 Sending message ProgramOutput 
15:23:32.427 INFO    thonny: TIME/MODS 0.001 Sending message ProgramOutput 
15:23:32.431 INFO    thonny: TIME/MODS 0.001 Sending message ProgramOutput 
