** Message: 19:22:03.127: environement.vala:58: Exporting primary_variable
** Message: 19:22:03.128: environement.vala:59: desktop_environnement XDG_CURRENT_DESKTOP
** Message: 19:22:03.128: environement.vala:150: confir_dirs is null, export : /etc/xdg
** Message: 19:22:03.128: environement.vala:184: Exporting XDG_CONFIG_DIRS
** Message: 19:22:03.128: environement.vala:218: custom_data :
** Message: 19:22:03.128: environement.vala:219: data_dirs :/usr/share/fkms:/usr/local/share:/usr/share/raspi-ui-overrides:/usr/share:/usr/share/gdm:/var/lib/menu-xdg
** Message: 19:22:03.128: environement.vala:220: data_dirs not null, export : /usr/share/fkms:/usr/local/share:/usr/share/raspi-ui-overrides:/usr/share:/usr/share/gdm:/var/lib/menu-xdg
** Message: 19:22:03.128: environement.vala:225: Exporting XDG_DATA_DIRS
** Message: 19:22:03.130: utils.vala:127: User config used : /home/pi/.config/lxsession/LXDE-pi/desktop.conf
** Message: 19:22:03.130: utils.vala:148: Final file used : /home/pi/.config/lxsession/LXDE-pi/desktop.conf
** Message: 19:22:03.130: utils.vala:39: Config system location : /etc/xdg/lxsession/LXDE-pi
** Message: 19:22:03.131: utils.vala:45: System system path location : /etc/xdg/lxsession/LXDE-pi/desktop.conf
** Message: 19:22:03.139: settings.vala:540: Key file does not have key “iGtk/ColorScheme” in group “GTK”
** Message: 19:22:03.140: settings.vala:540: Key file does not have key “windows_manager/command” in group “Session”
** Message: 19:22:03.140: settings.vala:540: Key file does not have key “panel/command” in group “Session”
** Message: 19:22:03.140: settings.vala:540: Key file does not have key “dock/command” in group “Session”
** Message: 19:22:03.140: settings.vala:540: Key file does not have key “file_manager/command” in group “Session”
** Message: 19:22:03.140: settings.vala:540: Key file does not have key “desktop_manager/command” in group “Session”
** Message: 19:22:03.140: settings.vala:540: Key file does not have key “launcher_manager/autostart” in group “Session”
** Message: 19:22:03.140: settings.vala:540: Key file does not have key “composite_manager/command” in group “Session”
** Message: 19:22:03.140: settings.vala:540: Key file does not have key “im1/command” in group “Session”
** Message: 19:22:03.140: settings.vala:540: Key file does not have key “im2/command” in group “Session”
** Message: 19:22:03.140: settings.vala:540: Key file does not have key “widget1/command” in group “Session”
** Message: 19:22:03.140: settings.vala:540: Key file does not have key “notification/command” in group “Session”
** Message: 19:22:03.140: settings.vala:540: Key file does not have key “keybindings/command” in group “Session”
** Message: 19:22:03.140: settings.vala:540: Key file does not have key “im_manager/command” in group “Session”
** Message: 19:22:03.141: settings.vala:540: Key file does not have key “screensaver/command” in group “Session”
** Message: 19:22:03.141: settings.vala:540: Key file does not have key “power_manager/command” in group “Session”
** Message: 19:22:03.141: settings.vala:540: Key file does not have key “audio_manager/command” in group “Session”
** Message: 19:22:03.141: settings.vala:540: Key file does not have key “workspace_manager/command” in group “Session”
** Message: 19:22:03.141: settings.vala:540: Key file does not have key “screenshot_manager/command” in group “Session”
** Message: 19:22:03.141: settings.vala:540: Key file does not have key “message_manager/command” in group “Session”
** Message: 19:22:03.141: settings.vala:540: Key file does not have key “upgrade_manager/command” in group “Session”
** Message: 19:22:03.141: settings.vala:540: Key file does not have key “updates_manager/command” in group “Session”
** Message: 19:22:03.141: settings.vala:540: Key file does not have key “updates_manager/timeout” in group “Session”
** Message: 19:22:03.141: settings.vala:540: Key file does not have key “crash_manager/command” in group “Session”
** Message: 19:22:03.142: settings.vala:540: Key file does not have key “crash_manager/dev_mode” in group “Session”
** Message: 19:22:03.142: settings.vala:540: Key file does not have key “crash_manager/timeout” in group “Session”
** Message: 19:22:03.142: settings.vala:540: Key file does not have key “upstart_user_session” in group “Session”
** Message: 19:22:03.142: settings.vala:540: Key file does not have key “proxy_manager/http” in group “Session”
** Message: 19:22:03.142: settings.vala:540: Key file does not have key “a11y/command” in group “Session”
** Message: 19:22:03.142: settings.vala:540: Key file does not have key “xrandr/command” in group “Session”
** Message: 19:22:03.142: settings.vala:540: Key file does not have key “network_gui/command” in group “Session”
** Message: 19:22:03.142: settings.vala:540: Key file does not have key “webbrowser/command” in group “Session”
** Message: 19:22:03.142: settings.vala:540: Key file does not have key “email/command” in group “Session”
** Message: 19:22:03.142: settings.vala:540: Key file does not have key “pdf_reader/command” in group “Session”
** Message: 19:22:03.142: settings.vala:540: Key file does not have key “video_player/command” in group “Session”
** Message: 19:22:03.143: settings.vala:540: Key file does not have key “audio_player/command” in group “Session”
** Message: 19:22:03.143: settings.vala:540: Key file does not have key “image_display/command” in group “Session”
** Message: 19:22:03.143: settings.vala:540: Key file does not have key “text_editor/command” in group “Session”
** Message: 19:22:03.143: settings.vala:540: Key file does not have key “archive/command” in group “Session”
** Message: 19:22:03.143: settings.vala:540: Key file does not have key “charmap/command” in group “Session”
** Message: 19:22:03.143: settings.vala:540: Key file does not have key “calculator/command” in group “Session”
** Message: 19:22:03.143: settings.vala:540: Key file does not have key “spreadsheet/command” in group “Session”
** Message: 19:22:03.143: settings.vala:540: Key file does not have key “bittorent/command” in group “Session”
** Message: 19:22:03.143: settings.vala:540: Key file does not have key “document/command” in group “Session”
** Message: 19:22:03.143: settings.vala:540: Key file does not have key “webcam/command” in group “Session”
** Message: 19:22:03.143: settings.vala:540: Key file does not have key “burn/command” in group “Session”
** Message: 19:22:03.143: settings.vala:540: Key file does not have key “notes/command” in group “Session”
** Message: 19:22:03.143: settings.vala:540: Key file does not have key “disk_utility/command” in group “Session”
** Message: 19:22:03.144: settings.vala:540: Key file does not have key “tasks/command” in group “Session”
** Message: 19:22:03.144: settings.vala:540: Key file does not have group “Keymap”
** Message: 19:22:03.144: settings.vala:540: Key file does not have key “laptop_mode” in group “State”
** Message: 19:22:03.144: settings.vala:540: Key file does not have key “gnome” in group “Dbus”
** Message: 19:22:03.144: settings.vala:540: Key file does not have key “type” in group “Environment”
** Message: 19:22:03.144: settings.vala:540: Key file does not have key “ubuntu_menuproxy” in group “Environment”
** Message: 19:22:03.144: settings.vala:540: Key file does not have key “toolkit_integration” in group “Environment”
** Message: 19:22:03.144: settings.vala:540: Key file does not have key “gtk/overlay_scrollbar_disable” in group “Environment”
** Message: 19:22:03.144: settings.vala:540: Key file does not have key “qt/force_theme” in group “Environment”
** Message: 19:22:03.144: settings.vala:540: Key file does not have key “qt/platform” in group “Environment”
** Message: 19:22:03.145: settings.vala:462: Monitoring: /home/pi/.config/lxsession/LXDE-pi/desktop.conf
** Message: 19:22:03.145: settings.vala:466: Desktop file is already in config home, do nothing
** Message: 19:22:03.146: environement.vala:79: Exporting variable
** Message: 19:22:03.146: environement.vala:80: desktop_environnement XDG_CURRENT_DESKTOP
** Message: 19:22:03.146: environement.vala:177: custom_config :
** Message: 19:22:03.146: environement.vala:178: config_dirs :/etc/xdg
** Message: 19:22:03.146: environement.vala:179: confir_dirs not null, export : /etc/xdg
** Message: 19:22:03.146: environement.vala:184: Exporting XDG_CONFIG_DIRS
** Message: 19:22:03.146: environement.vala:218: custom_data :
** Message: 19:22:03.146: environement.vala:219: data_dirs :/usr/share/fkms:/usr/local/share:/usr/share/raspi-ui-overrides:/usr/share:/usr/share/gdm:/var/lib/menu-xdg
** Message: 19:22:03.146: environement.vala:220: data_dirs not null, export : /usr/share/fkms:/usr/local/share:/usr/share/raspi-ui-overrides:/usr/share:/usr/share/gdm:/var/lib/menu-xdg
** Message: 19:22:03.146: environement.vala:225: Exporting XDG_DATA_DIRS
** Message: 19:22:03.146: utils.vala:39: Config system location : /etc/xdg/lxsession/LXDE-pi
** Message: 19:22:03.146: utils.vala:45: System system path location : /etc/xdg/lxsession/LXDE-pi/desktop.conf
** Message: 19:22:03.147: environement.vala:254: No entry in [Environment_variable]. Key file does not have group “Environment_variable”
** Message: 19:22:03.158: utils.vala:138: Config system location : /etc/xdg/lxsession/LXDE-pi
** Message: 19:22:03.158: utils.vala:144: System system path location : /etc/xdg/lxsession/LXDE-pi/conffiles.conf
** Message: 19:22:03.158: utils.vala:148: Final file used : /etc/xdg/lxsession/LXDE-pi/conffiles.conf
** Message: 19:22:03.158: options.vala:164: Activate xsettings_manager build-in
** Message: 19:22:03.158: utils.vala:39: Config system location : /etc/xdg/lxsession/LXDE-pi
** Message: 19:22:03.158: utils.vala:45: System system path location : /etc/xdg/lxsession/LXDE-pi/desktop.conf
xprop:  no such property "_NET_NUMBER_OF_DESKTOPS"
xprop:  no such property "_NET_DESKTOP_NAMES"
** Message: 19:22:03.184: app.vala:728: polkit separate
** Message: 19:22:03.185: app.vala:728: polkit separate
** Message: 19:22:03.199: app.vala:76: Launching lxpolkit 
** Message: 19:22:03.199: utils.vala:138: Config system location : /etc/xdg/lxsession/LXDE-pi
** Message: 19:22:03.199: utils.vala:144: System system path location : /etc/xdg/lxsession/LXDE-pi/autostart
** Message: 19:22:03.199: utils.vala:148: Final file used : /etc/xdg/lxsession/LXDE-pi/autostart
** Message: 19:22:03.200: autostart.vala:42: Autostart path : /etc/xdg/lxsession/LXDE-pi/autostart
** Message: 19:22:03.217: app.vala:76: Launching lxpanel 
** Message: 19:22:03.238: app.vala:76: Launching pcmanfm 

** (lxsession:799): WARNING **: 19:22:03.256: app.vala:86: Failed to execute child process “xscreensaver” (No such file or directory)

** (lxsession:799): WARNING **: 19:22:03.256: app.vala:87: Error when launching xscreensaver
** Message: 19:22:03.263: options.vala:107: Create build-in Clipboard
** Message: 19:22:03.265: main.vala:450: Check keymap_mode (null)
** Message: 19:22:03.269: app.vala:76: Launching /usr/bin/ssh-agent 
SSH_AUTH_SOCK=/tmp/ssh-gXyNDPC0zCNT/agent.1043; export SSH_AUTH_SOCK;
SSH_AGENT_PID=1052; export SSH_AGENT_PID;
echo Agent pid 1052;
** Message: 19:22:03.742: app.vala:130: /usr/bin/ssh-agent exit with this type of exit: 0
Openbox-Message: Unable to find a valid menu file "/usr/share/lxde/openbox/menu.xml"
** Message: 19:22:04.836: x-terminal-emulator has very limited support, consider choosing another terminal
** Message: 19:22:05.089: x-terminal-emulator has very limited support, consider choosing another terminal
grep: /home/pi/.config/lxpanel/LXDE-pi/panels/*: No such file or directory
** Message: 19:22:06.741: netman: network manager service not running; plugin hidden
** Message: 19:22:06.783: Connecting ...
** Message: 19:22:06.783: Status changed to down

** (lxpanel:1030): CRITICAL **: 19:22:06.783: dhcpcd_open: Inappropriate ioctl for device
** Message: 19:22:07.021: ptbatt: battery 0 not found
** Message: 19:22:07.413: up: Checking for updates
** Message: 19:22:07.784: Status changed to opened
** Message: 19:22:07.784: Connected to dhcpcd-8.1.2
** Message: 19:22:07.785: Status changed to connected
** Message: 19:22:07.785: eth0: Link is down
** Message: 19:22:07.786: wlan0: Associated with torp2
** Message: 19:22:07.786: wlan0: Configured 192.168.0.108/24
** Message: 19:22:07.786: wlan0: ROUTERADVERT
** Message: 19:22:07.789: wlan0: WPA status connected
** Message: 19:22:50.617: up: Cache updated - comparing versions
** Message: 19:22:59.217: up: Check complete - no updates available

(pcmanfm:1037): Gtk-WARNING **: 22:22:53.565: Theme parsing error: <data>:2:27: The style property GtkWidget:focus-padding is deprecated and shouldn't be used anymore. It will be removed in a future version

(pcmanfm:1037): Gtk-WARNING **: 22:22:53.566: Theme parsing error: <data>:3:30: The style property GtkWidget:focus-line-width is deprecated and shouldn't be used anymore. It will be removed in a future version
